2022-05-26 05:41:41:054 [INFO] [restartedMain] [c.b.e.EmployeePayRollAppApplication:55] Starting EmployeePayRollAppApplication using Java 16.0.2 on DESKTOP-59PGQMA with PID 9924 (C:\Program Files\Apache Software Foundation\Tomcat 9.0\EmployeePayRollApp\target\classes started by root in C:\Program Files\Apache Software Foundation\Tomcat 9.0\EmployeePayRollApp)
2022-05-26 05:41:41:059 [DEBUG] [restartedMain] [c.b.e.EmployeePayRollAppApplication:56] Running with Spring Boot v2.7.0, Spring v5.3.20
2022-05-26 05:41:41:060 [INFO] [restartedMain] [c.b.e.EmployeePayRollAppApplication:640] The following 1 profile is active: "dev"
2022-05-26 05:41:42:850 [WARN] [restartedMain] [o.s.b.a.o.j.JpaBaseConfiguration$JpaWebConfiguration:219] spring.jpa.open-in-view is enabled by default. Therefore, database queries may be performed during view rendering. Explicitly configure spring.jpa.open-in-view to disable this warning
2022-05-26 05:41:43:099 [INFO] [restartedMain] [c.b.e.EmployeePayRollAppApplication:61] Started EmployeePayRollAppApplication in 2.359 seconds (JVM running for 3.044)
2022-05-26 05:41:43:115 [INFO] [restartedMain] [c.b.e.EmployeePayRollAppApplication:14] Employee Payroll App Started in PROD Environment
2022-05-26 05:41:43:116 [INFO] [restartedMain] [c.b.e.EmployeePayRollAppApplication:16] Employee Payroll DB User is root 
2022-05-26 05:42:21:921 [INFO] [restartedMain] [c.b.e.EmployeePayRollAppApplication:55] Starting EmployeePayRollAppApplication using Java 16.0.2 on DESKTOP-59PGQMA with PID 9524 (C:\Program Files\Apache Software Foundation\Tomcat 9.0\EmployeePayRollApp\target\classes started by root in C:\Program Files\Apache Software Foundation\Tomcat 9.0\EmployeePayRollApp)
2022-05-26 05:42:21:921 [DEBUG] [restartedMain] [c.b.e.EmployeePayRollAppApplication:56] Running with Spring Boot v2.7.0, Spring v5.3.20
2022-05-26 05:42:21:921 [INFO] [restartedMain] [c.b.e.EmployeePayRollAppApplication:640] The following 1 profile is active: "dev"
2022-05-26 05:42:23:880 [WARN] [restartedMain] [o.s.b.a.o.j.JpaBaseConfiguration$JpaWebConfiguration:219] spring.jpa.open-in-view is enabled by default. Therefore, database queries may be performed during view rendering. Explicitly configure spring.jpa.open-in-view to disable this warning
2022-05-26 05:42:24:167 [INFO] [restartedMain] [c.b.e.EmployeePayRollAppApplication:61] Started EmployeePayRollAppApplication in 2.55 seconds (JVM running for 3.246)
2022-05-26 05:42:24:167 [INFO] [restartedMain] [c.b.e.EmployeePayRollAppApplication:14] Employee Payroll App Started in PROD Environment
2022-05-26 05:42:24:167 [INFO] [restartedMain] [c.b.e.EmployeePayRollAppApplication:16] Employee Payroll DB User is root 
2022-05-26 05:01:11:124 [INFO] [restartedMain] [c.b.e.EmployeePayRollAppApplication:55] Starting EmployeePayRollAppApplication using Java 16.0.2 on DESKTOP-59PGQMA with PID 8788 (C:\Program Files\Apache Software Foundation\Tomcat 9.0\EmployeePayRollApp\target\classes started by root in C:\Program Files\Apache Software Foundation\Tomcat 9.0\EmployeePayRollApp)
2022-05-26 05:01:11:128 [DEBUG] [restartedMain] [c.b.e.EmployeePayRollAppApplication:56] Running with Spring Boot v2.7.0, Spring v5.3.20
2022-05-26 05:01:11:128 [INFO] [restartedMain] [c.b.e.EmployeePayRollAppApplication:640] The following 1 profile is active: "dev"
2022-05-26 05:01:13:027 [WARN] [restartedMain] [o.s.b.a.o.j.JpaBaseConfiguration$JpaWebConfiguration:219] spring.jpa.open-in-view is enabled by default. Therefore, database queries may be performed during view rendering. Explicitly configure spring.jpa.open-in-view to disable this warning
2022-05-26 05:01:13:265 [INFO] [restartedMain] [c.b.e.EmployeePayRollAppApplication:61] Started EmployeePayRollAppApplication in 2.454 seconds (JVM running for 3.221)
2022-05-26 05:01:13:265 [INFO] [restartedMain] [c.b.e.EmployeePayRollAppApplication:14] Employee Payroll App Started in PROD Environment
2022-05-26 05:01:13:281 [INFO] [restartedMain] [c.b.e.EmployeePayRollAppApplication:16] Employee Payroll DB User is root 
2022-05-26 05:19:35:424 [INFO] [restartedMain] [c.b.e.EmployeePayRollAppApplication:55] Starting EmployeePayRollAppApplication using Java 16.0.2 on DESKTOP-59PGQMA with PID 11980 (C:\Program Files\Apache Software Foundation\Tomcat 9.0\EmployeePayRollApp\target\classes started by root in C:\Program Files\Apache Software Foundation\Tomcat 9.0\EmployeePayRollApp)
2022-05-26 05:19:35:424 [DEBUG] [restartedMain] [c.b.e.EmployeePayRollAppApplication:56] Running with Spring Boot v2.7.0, Spring v5.3.20
2022-05-26 05:19:35:424 [INFO] [restartedMain] [c.b.e.EmployeePayRollAppApplication:640] The following 1 profile is active: "dev"
2022-05-26 05:19:38:153 [WARN] [restartedMain] [o.s.b.a.o.j.JpaBaseConfiguration$JpaWebConfiguration:219] spring.jpa.open-in-view is enabled by default. Therefore, database queries may be performed during view rendering. Explicitly configure spring.jpa.open-in-view to disable this warning
2022-05-26 05:19:38:414 [INFO] [restartedMain] [c.b.e.EmployeePayRollAppApplication:61] Started EmployeePayRollAppApplication in 3.321 seconds (JVM running for 4.04)
2022-05-26 05:19:38:414 [INFO] [restartedMain] [c.b.e.EmployeePayRollAppApplication:14] Employee Payroll App Started in PROD Environment
2022-05-26 05:19:38:414 [INFO] [restartedMain] [c.b.e.EmployeePayRollAppApplication:16] Employee Payroll DB User is root 
2022-05-26 05:43:34:825 [WARN] [HikariPool-1 housekeeper] [c.z.h.p.HikariPool:788] HikariPool-1 - Thread starvation or clock leap detected (housekeeper delta=1h22m27s682ms869µs700ns).
2022-05-26 05:53:41:343 [INFO] [restartedMain] [c.b.e.EmployeePayRollAppApplication:55] Starting EmployeePayRollAppApplication using Java 16.0.2 on DESKTOP-59PGQMA with PID 6252 (C:\Program Files\Apache Software Foundation\Tomcat 9.0\EmployeePayRollApp\target\classes started by root in C:\Program Files\Apache Software Foundation\Tomcat 9.0\EmployeePayRollApp)
2022-05-26 05:53:41:344 [DEBUG] [restartedMain] [c.b.e.EmployeePayRollAppApplication:56] Running with Spring Boot v2.7.0, Spring v5.3.20
2022-05-26 05:53:41:345 [INFO] [restartedMain] [c.b.e.EmployeePayRollAppApplication:640] The following 1 profile is active: "dev"
2022-05-26 05:53:43:685 [WARN] [restartedMain] [o.s.b.a.o.j.JpaBaseConfiguration$JpaWebConfiguration:219] spring.jpa.open-in-view is enabled by default. Therefore, database queries may be performed during view rendering. Explicitly configure spring.jpa.open-in-view to disable this warning
2022-05-26 05:53:43:917 [INFO] [restartedMain] [c.b.e.EmployeePayRollAppApplication:61] Started EmployeePayRollAppApplication in 2.909 seconds (JVM running for 3.641)
2022-05-26 05:53:43:917 [INFO] [restartedMain] [c.b.e.EmployeePayRollAppApplication:14] Employee Payroll App Started in PROD Environment
2022-05-26 05:53:43:917 [INFO] [restartedMain] [c.b.e.EmployeePayRollAppApplication:16] Employee Payroll DB User is root 
2022-05-26 05:58:15:895 [INFO] [restartedMain] [c.b.e.EmployeePayRollAppApplication:55] Starting EmployeePayRollAppApplication using Java 16.0.2 on DESKTOP-59PGQMA with PID 10464 (C:\Program Files\Apache Software Foundation\Tomcat 9.0\EmployeePayRollApp\target\classes started by root in C:\Program Files\Apache Software Foundation\Tomcat 9.0\EmployeePayRollApp)
2022-05-26 05:58:15:895 [DEBUG] [restartedMain] [c.b.e.EmployeePayRollAppApplication:56] Running with Spring Boot v2.7.0, Spring v5.3.20
2022-05-26 05:58:15:895 [INFO] [restartedMain] [c.b.e.EmployeePayRollAppApplication:640] The following 1 profile is active: "dev"
2022-05-26 05:58:17:894 [WARN] [restartedMain] [o.s.b.a.o.j.JpaBaseConfiguration$JpaWebConfiguration:219] spring.jpa.open-in-view is enabled by default. Therefore, database queries may be performed during view rendering. Explicitly configure spring.jpa.open-in-view to disable this warning
2022-05-26 05:58:18:109 [INFO] [restartedMain] [c.b.e.EmployeePayRollAppApplication:61] Started EmployeePayRollAppApplication in 2.547 seconds (JVM running for 3.233)
2022-05-26 05:58:18:109 [INFO] [restartedMain] [c.b.e.EmployeePayRollAppApplication:14] Employee Payroll App Started in PROD Environment
2022-05-26 05:58:18:109 [INFO] [restartedMain] [c.b.e.EmployeePayRollAppApplication:16] Employee Payroll DB User is root 
2022-05-26 05:08:18:500 [INFO] [restartedMain] [c.b.e.EmployeePayRollAppApplication:55] Starting EmployeePayRollAppApplication using Java 16.0.2 on DESKTOP-59PGQMA with PID 11284 (C:\Program Files\Apache Software Foundation\Tomcat 9.0\EmployeePayRollApp\target\classes started by root in C:\Program Files\Apache Software Foundation\Tomcat 9.0\EmployeePayRollApp)
2022-05-26 05:08:18:503 [DEBUG] [restartedMain] [c.b.e.EmployeePayRollAppApplication:56] Running with Spring Boot v2.7.0, Spring v5.3.20
2022-05-26 05:08:18:504 [INFO] [restartedMain] [c.b.e.EmployeePayRollAppApplication:640] The following 1 profile is active: "dev"
2022-05-26 05:08:21:055 [WARN] [restartedMain] [o.s.b.a.o.j.JpaBaseConfiguration$JpaWebConfiguration:219] spring.jpa.open-in-view is enabled by default. Therefore, database queries may be performed during view rendering. Explicitly configure spring.jpa.open-in-view to disable this warning
2022-05-26 05:08:21:312 [INFO] [restartedMain] [c.b.e.EmployeePayRollAppApplication:61] Started EmployeePayRollAppApplication in 3.164 seconds (JVM running for 3.957)
2022-05-26 05:08:21:314 [INFO] [restartedMain] [c.b.e.EmployeePayRollAppApplication:14] Employee Payroll App Started in PROD Environment
2022-05-26 05:08:21:315 [INFO] [restartedMain] [c.b.e.EmployeePayRollAppApplication:16] Employee Payroll DB User is root 
